<?xml version="1.0" encoding="UTF-8"?>
<testng-results ignored="0" total="2" passed="1" failed="1" skipped="0">
  <reporter-output>
  </reporter-output>
  <suite started-at="2025-03-18T23:43:23 PDT" name="Default suite" finished-at="2025-03-18T23:43:38 PDT" duration-ms="14783">
    <groups>
      <group name="cucumber">
        <method signature="AbstractTestNGCucumberTests.runScenario(io.cucumber.testng.PickleWrapper,io.cucumber.testng.FeatureWrapper)[pri:0, instance:runnerClass.LeafTapsTCOne@5158b42f]" name="runScenario" class="io.cucumber.testng.AbstractTestNGCucumberTests"/>
      </group> <!-- cucumber -->
    </groups>
    <test started-at="2025-03-18T23:43:23 PDT" name="Default test" finished-at="2025-03-18T23:43:38 PDT" duration-ms="14783">
      <class name="runnerClass.LeafTapsTCOne">
        <test-method is-config="true" signature="setUpClass(org.testng.ITestContext)[pri:0, instance:runnerClass.LeafTapsTCOne@5158b42f]" started-at="2025-03-18T23:43:23 PDT" name="setUpClass" finished-at="2025-03-18T23:43:23 PDT" duration-ms="190" status="PASS">
          <params>
            <param index="0">
              <value>
                <![CDATA[org.testng.TestRunner@3635099]]>
              </value>
            </param>
          </params>
          <reporter-output>
          </reporter-output>
        </test-method> <!-- setUpClass -->
        <test-method signature="runScenario(io.cucumber.testng.PickleWrapper,io.cucumber.testng.FeatureWrapper)[pri:0, instance:runnerClass.LeafTapsTCOne@5158b42f]" started-at="2025-03-18T23:43:23 PDT" name="runScenario" description="Runs Cucumber Scenarios" data-provider="scenarios" finished-at="2025-03-18T23:43:30 PDT" duration-ms="6899" status="PASS">
          <params>
            <param index="0">
              <value>
                <![CDATA["Successful Login using Valid Credentials"]]>
              </value>
            </param>
            <param index="1">
              <value>
                <![CDATA["User Authentication for Leaftaps Application"]]>
              </value>
            </param>
          </params>
          <reporter-output>
          </reporter-output>
        </test-method> <!-- runScenario -->
        <test-method signature="runScenario(io.cucumber.testng.PickleWrapper,io.cucumber.testng.FeatureWrapper)[pri:0, instance:runnerClass.LeafTapsTCOne@5158b42f]" started-at="2025-03-18T23:43:30 PDT" name="runScenario" description="Runs Cucumber Scenarios" data-provider="scenarios" finished-at="2025-03-18T23:43:36 PDT" duration-ms="5774" status="FAIL">
          <params>
            <param index="0">
              <value>
                <![CDATA["Unsuccesful Login using Invalid Credentials"]]>
              </value>
            </param>
            <param index="1">
              <value>
                <![CDATA["User Authentication for Leaftaps Application"]]>
              </value>
            </param>
          </params>
          <exception class="java.lang.AssertionError">
            <message>
              <![CDATA[Title does not match! expected [Leaftaps - TestLeaf Automation Platform] but found []]]>
            </message>
            <full-stacktrace>
              <![CDATA[java.lang.AssertionError: Title does not match! expected [Leaftaps - TestLeaf Automation Platform] but found []
at org.testng.Assert.fail(Assert.java:99)
at org.testng.Assert.failNotEquals(Assert.java:1037)
at org.testng.Assert.assertEqualsImpl(Assert.java:140)
at org.testng.Assert.assertEquals(Assert.java:122)
at org.testng.Assert.assertEquals(Assert.java:629)
at stepDefinitions.StepDefinitionOne.the_user_should_not_be_redirected_to_welcome_page(StepDefinitionOne.java:59)
at âœ½.the user should not be redirected to welcome page(file:///Users/fleenchris/eclipse-workspace/CucumberImplementation/src/test/resources/features/LoginPage.feature:39)
]]>
            </full-stacktrace>
          </exception> <!-- java.lang.AssertionError -->
          <reporter-output>
          </reporter-output>
        </test-method> <!-- runScenario -->
        <test-method is-config="true" signature="tearDownClass()[pri:0, instance:runnerClass.LeafTapsTCOne@5158b42f]" started-at="2025-03-18T23:43:36 PDT" name="tearDownClass" finished-at="2025-03-18T23:43:38 PDT" duration-ms="1908" status="PASS">
          <reporter-output>
          </reporter-output>
        </test-method> <!-- tearDownClass -->
      </class> <!-- runnerClass.LeafTapsTCOne -->
    </test> <!-- Default test -->
  </suite> <!-- Default suite -->
</testng-results>
