<?xml version="1.0" encoding="UTF-8"?>
<!-- Generated by org.testng.reporters.JUnitReportReporter -->
<testsuite hostname="Fleens-MacBook-Pro.local" failures="1" tests="2" name="runnerClass.LeafTapsTCOne" time="12.673" errors="0" timestamp="2025-03-18T23:43:38 PDT" skipped="0">
  <testcase classname="runnerClass.LeafTapsTCOne" name="runScenario" time="6.899"/>
  <system-out/>
  <testcase classname="runnerClass.LeafTapsTCOne" name="runScenario" time="5.774">
    <failure message="Title does not match! expected [Leaftaps - TestLeaf Automation Platform] but found []" type="java.lang.AssertionError">
      <![CDATA[java.lang.AssertionError: Title does not match! expected [Leaftaps - TestLeaf Automation Platform] but found []
at org.testng.Assert.fail(Assert.java:99)
at org.testng.Assert.failNotEquals(Assert.java:1037)
at org.testng.Assert.assertEqualsImpl(Assert.java:140)
at org.testng.Assert.assertEquals(Assert.java:122)
at org.testng.Assert.assertEquals(Assert.java:629)
at stepDefinitions.StepDefinitionOne.the_user_should_not_be_redirected_to_welcome_page(StepDefinitionOne.java:59)
at âœ½.the user should not be redirected to welcome page(file:///Users/fleenchris/eclipse-workspace/CucumberImplementation/src/test/resources/features/LoginPage.feature:39)
]]>
    </failure>
  </testcase> <!-- runScenario -->
  <system-out/>
</testsuite> <!-- runnerClass.LeafTapsTCOne -->
